Arguments: 
  /usr/local/Cellar/node/9.8.0/bin/node /usr/local/bin/yarn build-dev

PATH: 
  /usr/local/bin:/usr/bin:/bin:/usr/sbin:/sbin:/usr/local/opt/go/libexec/bin:/Users/liuguili/.go/bin:/Users/liuguili/.rvm/bin

Yarn version: 
  1.5.1

Node version: 
  9.8.0

Platform: 
  darwin x64

npm manifest: 
  {
    "name": "weapp.engine.io",
    "description": "Client for the realtime Engine for weapp",
    "license": "MIT",
    "version": "0.1.0",
    "main": "lib/index.js",
    "homepage": "https://github.com/wxsocketio/weapp.engine.io.git",
    "contributors": [
      {
        "name": "Wilson",
        "email": "gongzili456@gmail.com"
      }
    ],
    "dependencies": {
      "component-emitter": "1.2.1",
      "component-inherit": "0.0.3",
      "debug": "~3.1.0",
      "engine.io-parser": "~2.1.1",
      "has-cors": "1.1.0",
      "indexof": "0.0.1",
      "parseqs": "0.0.5",
      "parseuri": "0.0.5",
      "ws": "~3.3.1",
      "yeast": "0.1.2"
    },
    "scripts": {},
    "repository": {
      "type": "git",
      "url": "https://github.com/wxsocketio/weapp.engine.io.git"
    },
    "files": ["index.js", "lib/", "engine.io.js"]
  }

yarn manifest: 
  No manifest

Lockfile: 
  No lockfile

Trace: 
  Error: Command "build-dev" not found.
      at new MessageError (/usr/local/lib/node_modules/yarn/lib/cli.js:186:110)
      at /usr/local/lib/node_modules/yarn/lib/cli.js:87307:17
      at Generator.next (<anonymous>)
      at step (/usr/local/lib/node_modules/yarn/lib/cli.js:98:30)
      at /usr/local/lib/node_modules/yarn/lib/cli.js:116:14
      at new Promise (<anonymous>)
      at new F (/usr/local/lib/node_modules/yarn/lib/cli.js:23451:28)
      at /usr/local/lib/node_modules/yarn/lib/cli.js:95:12
      at runCommand (/usr/local/lib/node_modules/yarn/lib/cli.js:87312:22)
      at Object.<anonymous> (/usr/local/lib/node_modules/yarn/lib/cli.js:87412:14)
